<?xml version="1.0" encoding="UTF-8"?>
<testsuite name="org.example.CreatorCustomerTest" tests="1" skipped="0" failures="0" errors="0" timestamp="2023-02-06T03:26:26" hostname="cybermavka" time="0.028">
  <properties/>
  <testcase name="createCustomer()" classname="org.example.CreatorCustomerTest" time="0.028"/>
  <system-out><![CDATA[]]></system-out>
  <system-err><![CDATA[]]></system-err>
</testsuite>
